0 info it worked if it ends with ok
1 verbose cli [ '/usr/local/bin/node',
1 verbose cli   '/usr/local/bin/npm',
1 verbose cli   'install',
1 verbose cli   'express-generator',
1 verbose cli   '-g' ]
2 info using npm@3.10.10
3 info using node@v6.11.3
4 silly loadCurrentTree Starting
5 silly install loadCurrentTree
6 silly install readGlobalPackageData
7 silly fetchPackageMetaData express-generator
8 silly fetchNamedPackageData express-generator
9 silly mapToRegistry name express-generator
10 silly mapToRegistry using default registry
11 silly mapToRegistry registry https://registry.npmjs.org/
12 silly mapToRegistry data Result {
12 silly mapToRegistry   raw: 'express-generator',
12 silly mapToRegistry   scope: null,
12 silly mapToRegistry   escapedName: 'express-generator',
12 silly mapToRegistry   name: 'express-generator',
12 silly mapToRegistry   rawSpec: '',
12 silly mapToRegistry   spec: 'latest',
12 silly mapToRegistry   type: 'tag' }
13 silly mapToRegistry uri https://registry.npmjs.org/express-generator
14 verbose request uri https://registry.npmjs.org/express-generator
15 verbose request no auth needed
16 info attempt registry request try #1 at 1:21:12 PM
17 verbose request id 8fc59dcc10afc62b
18 verbose etag W/"59e74805-a922"
19 verbose lastModified Wed, 18 Oct 2017 12:24:37 GMT
20 http request GET https://registry.npmjs.org/express-generator
21 http 200 https://registry.npmjs.org/express-generator
22 verbose headers { server: 'nginx/1.10.3',
22 verbose headers   'content-type': 'application/json',
22 verbose headers   'last-modified': 'Tue, 31 Oct 2017 18:11:16 GMT',
22 verbose headers   etag: 'W/"59f8bcc4-a92e"',
22 verbose headers   'content-encoding': 'gzip',
22 verbose headers   'cache-control': 'max-age=300',
22 verbose headers   'content-length': '5250',
22 verbose headers   'accept-ranges': 'bytes',
22 verbose headers   date: 'Sat, 04 Nov 2017 06:21:13 GMT',
22 verbose headers   via: '1.1 varnish',
22 verbose headers   age: '58',
22 verbose headers   connection: 'keep-alive',
22 verbose headers   'x-served-by': 'cache-sin18033-SIN',
22 verbose headers   'x-cache': 'HIT',
22 verbose headers   'x-cache-hits': '1',
22 verbose headers   'x-timer': 'S1509776473.030051,VS0,VE0',
22 verbose headers   vary: 'Accept-Encoding, Accept' }
23 silly get cb [ 200,
23 silly get   { server: 'nginx/1.10.3',
23 silly get     'content-type': 'application/json',
23 silly get     'last-modified': 'Tue, 31 Oct 2017 18:11:16 GMT',
23 silly get     etag: 'W/"59f8bcc4-a92e"',
23 silly get     'content-encoding': 'gzip',
23 silly get     'cache-control': 'max-age=300',
23 silly get     'content-length': '5250',
23 silly get     'accept-ranges': 'bytes',
23 silly get     date: 'Sat, 04 Nov 2017 06:21:13 GMT',
23 silly get     via: '1.1 varnish',
23 silly get     age: '58',
23 silly get     connection: 'keep-alive',
23 silly get     'x-served-by': 'cache-sin18033-SIN',
23 silly get     'x-cache': 'HIT',
23 silly get     'x-cache-hits': '1',
23 silly get     'x-timer': 'S1509776473.030051,VS0,VE0',
23 silly get     vary: 'Accept-Encoding, Accept' } ]
24 verbose get saving express-generator to /Users/palmsi/.npm/registry.npmjs.org/express-generator/.cache.json
25 verbose correctMkdir /Users/palmsi/.npm correctMkdir not in flight; initializing
26 silly install normalizeTree
27 silly loadCurrentTree Finishing
28 silly loadIdealTree Starting
29 silly install loadIdealTree
30 silly cloneCurrentTree Starting
31 silly install cloneCurrentTreeToIdealTree
32 silly cloneCurrentTree Finishing
33 silly loadShrinkwrap Starting
34 silly install loadShrinkwrap
35 silly loadShrinkwrap Finishing
36 silly loadAllDepsIntoIdealTree Starting
37 silly install loadAllDepsIntoIdealTree
38 silly resolveWithNewModule express-generator@4.15.5 checking installable status
39 silly cache add args [ 'express-generator', null ]
40 verbose cache add spec express-generator
41 silly cache add parsed spec Result {
41 silly cache add   raw: 'express-generator',
41 silly cache add   scope: null,
41 silly cache add   escapedName: 'express-generator',
41 silly cache add   name: 'express-generator',
41 silly cache add   rawSpec: '',
41 silly cache add   spec: 'latest',
41 silly cache add   type: 'tag' }
42 silly addNamed express-generator@latest
43 verbose addNamed "latest" is being treated as a dist-tag for express-generator
44 info addNameTag [ 'express-generator', 'latest' ]
45 silly mapToRegistry name express-generator
46 silly mapToRegistry using default registry
47 silly mapToRegistry registry https://registry.npmjs.org/
48 silly mapToRegistry data Result {
48 silly mapToRegistry   raw: 'express-generator',
48 silly mapToRegistry   scope: null,
48 silly mapToRegistry   escapedName: 'express-generator',
48 silly mapToRegistry   name: 'express-generator',
48 silly mapToRegistry   rawSpec: '',
48 silly mapToRegistry   spec: 'latest',
48 silly mapToRegistry   type: 'tag' }
49 silly mapToRegistry uri https://registry.npmjs.org/express-generator
50 verbose addNameTag registry:https://registry.npmjs.org/express-generator not in flight; fetching
51 verbose get https://registry.npmjs.org/express-generator not expired, no request
52 silly addNameTag next cb for express-generator with tag latest
53 silly addNamed express-generator@4.15.5
54 verbose addNamed "4.15.5" is a plain semver version for express-generator
55 silly cache afterAdd express-generator@4.15.5
56 verbose afterAdd /Users/palmsi/.npm/express-generator/4.15.5/package/package.json not in flight; writing
57 verbose correctMkdir /Users/palmsi/.npm correctMkdir not in flight; initializing
58 verbose afterAdd /Users/palmsi/.npm/express-generator/4.15.5/package/package.json written
59 silly fetchNamedPackageData commander
60 silly mapToRegistry name commander
61 silly mapToRegistry using default registry
62 silly mapToRegistry registry https://registry.npmjs.org/
63 silly mapToRegistry data Result {
63 silly mapToRegistry   raw: 'commander',
63 silly mapToRegistry   scope: null,
63 silly mapToRegistry   escapedName: 'commander',
63 silly mapToRegistry   name: 'commander',
63 silly mapToRegistry   rawSpec: '',
63 silly mapToRegistry   spec: 'latest',
63 silly mapToRegistry   type: 'tag' }
64 silly mapToRegistry uri https://registry.npmjs.org/commander
65 silly fetchNamedPackageData ejs
66 silly mapToRegistry name ejs
67 silly mapToRegistry using default registry
68 silly mapToRegistry registry https://registry.npmjs.org/
69 silly mapToRegistry data Result {
69 silly mapToRegistry   raw: 'ejs',
69 silly mapToRegistry   scope: null,
69 silly mapToRegistry   escapedName: 'ejs',
69 silly mapToRegistry   name: 'ejs',
69 silly mapToRegistry   rawSpec: '',
69 silly mapToRegistry   spec: 'latest',
69 silly mapToRegistry   type: 'tag' }
70 silly mapToRegistry uri https://registry.npmjs.org/ejs
71 silly fetchNamedPackageData mkdirp
72 silly mapToRegistry name mkdirp
73 silly mapToRegistry using default registry
74 silly mapToRegistry registry https://registry.npmjs.org/
75 silly mapToRegistry data Result {
75 silly mapToRegistry   raw: 'mkdirp',
75 silly mapToRegistry   scope: null,
75 silly mapToRegistry   escapedName: 'mkdirp',
75 silly mapToRegistry   name: 'mkdirp',
75 silly mapToRegistry   rawSpec: '',
75 silly mapToRegistry   spec: 'latest',
75 silly mapToRegistry   type: 'tag' }
76 silly mapToRegistry uri https://registry.npmjs.org/mkdirp
77 silly fetchNamedPackageData sorted-object
78 silly mapToRegistry name sorted-object
79 silly mapToRegistry using default registry
80 silly mapToRegistry registry https://registry.npmjs.org/
81 silly mapToRegistry data Result {
81 silly mapToRegistry   raw: 'sorted-object',
81 silly mapToRegistry   scope: null,
81 silly mapToRegistry   escapedName: 'sorted-object',
81 silly mapToRegistry   name: 'sorted-object',
81 silly mapToRegistry   rawSpec: '',
81 silly mapToRegistry   spec: 'latest',
81 silly mapToRegistry   type: 'tag' }
82 silly mapToRegistry uri https://registry.npmjs.org/sorted-object
83 verbose request uri https://registry.npmjs.org/commander
84 verbose request no auth needed
85 info attempt registry request try #1 at 1:21:13 PM
86 verbose etag W/"59ef62ce-118e6"
87 verbose lastModified Tue, 24 Oct 2017 15:57:02 GMT
88 http request GET https://registry.npmjs.org/commander
89 verbose request uri https://registry.npmjs.org/ejs
90 verbose request no auth needed
91 info attempt registry request try #1 at 1:21:13 PM
92 verbose etag W/"59ec70ba-1139e"
93 verbose lastModified Sun, 22 Oct 2017 10:19:38 GMT
94 http request GET https://registry.npmjs.org/ejs
95 verbose request uri https://registry.npmjs.org/sorted-object
96 verbose request no auth needed
97 info attempt registry request try #1 at 1:21:13 PM
98 verbose etag W/"57d499b1-1545"
99 verbose lastModified Sat, 10 Sep 2016 23:39:29 GMT
100 http request GET https://registry.npmjs.org/sorted-object
101 verbose request uri https://registry.npmjs.org/mkdirp
102 verbose request no auth needed
103 info attempt registry request try #1 at 1:21:13 PM
104 verbose etag W/"59ec9935-67ec"
105 verbose lastModified Sun, 22 Oct 2017 13:12:21 GMT
106 http request GET https://registry.npmjs.org/mkdirp
107 http 200 https://registry.npmjs.org/commander
108 verbose headers { server: 'nginx/1.10.3',
108 verbose headers   'content-type': 'application/json',
108 verbose headers   'last-modified': 'Wed, 01 Nov 2017 07:16:56 GMT',
108 verbose headers   etag: 'W/"59f974e8-11954"',
108 verbose headers   'content-encoding': 'gzip',
108 verbose headers   'cache-control': 'max-age=300',
108 verbose headers   'content-length': '14665',
108 verbose headers   'accept-ranges': 'bytes',
108 verbose headers   date: 'Sat, 04 Nov 2017 06:21:13 GMT',
108 verbose headers   via: '1.1 varnish',
108 verbose headers   age: '255',
108 verbose headers   connection: 'keep-alive',
108 verbose headers   'x-served-by': 'cache-sin18033-SIN',
108 verbose headers   'x-cache': 'HIT',
108 verbose headers   'x-cache-hits': '8',
108 verbose headers   'x-timer': 'S1509776473.324732,VS0,VE0',
108 verbose headers   vary: 'Accept-Encoding, Accept' }
109 silly get cb [ 200,
109 silly get   { server: 'nginx/1.10.3',
109 silly get     'content-type': 'application/json',
109 silly get     'last-modified': 'Wed, 01 Nov 2017 07:16:56 GMT',
109 silly get     etag: 'W/"59f974e8-11954"',
109 silly get     'content-encoding': 'gzip',
109 silly get     'cache-control': 'max-age=300',
109 silly get     'content-length': '14665',
109 silly get     'accept-ranges': 'bytes',
109 silly get     date: 'Sat, 04 Nov 2017 06:21:13 GMT',
109 silly get     via: '1.1 varnish',
109 silly get     age: '255',
109 silly get     connection: 'keep-alive',
109 silly get     'x-served-by': 'cache-sin18033-SIN',
109 silly get     'x-cache': 'HIT',
109 silly get     'x-cache-hits': '8',
109 silly get     'x-timer': 'S1509776473.324732,VS0,VE0',
109 silly get     vary: 'Accept-Encoding, Accept' } ]
110 verbose get saving commander to /Users/palmsi/.npm/registry.npmjs.org/commander/.cache.json
111 verbose correctMkdir /Users/palmsi/.npm correctMkdir not in flight; initializing
112 silly resolveWithNewModule commander@2.11.0 checking installable status
113 silly cache add args [ 'commander@2.11.0', null ]
114 verbose cache add spec commander@2.11.0
115 silly cache add parsed spec Result {
115 silly cache add   raw: 'commander@2.11.0',
115 silly cache add   scope: null,
115 silly cache add   escapedName: 'commander',
115 silly cache add   name: 'commander',
115 silly cache add   rawSpec: '2.11.0',
115 silly cache add   spec: '2.11.0',
115 silly cache add   type: 'version' }
116 silly addNamed commander@2.11.0
117 verbose addNamed "2.11.0" is a plain semver version for commander
118 silly mapToRegistry name commander
119 silly mapToRegistry using default registry
120 silly mapToRegistry registry https://registry.npmjs.org/
121 silly mapToRegistry data Result {
121 silly mapToRegistry   raw: 'commander',
121 silly mapToRegistry   scope: null,
121 silly mapToRegistry   escapedName: 'commander',
121 silly mapToRegistry   name: 'commander',
121 silly mapToRegistry   rawSpec: '',
121 silly mapToRegistry   spec: 'latest',
121 silly mapToRegistry   type: 'tag' }
122 silly mapToRegistry uri https://registry.npmjs.org/commander
123 verbose addNameVersion registry:https://registry.npmjs.org/commander not in flight; fetching
124 verbose get https://registry.npmjs.org/commander not expired, no request
125 silly cache afterAdd commander@2.11.0
126 verbose afterAdd /Users/palmsi/.npm/commander/2.11.0/package/package.json not in flight; writing
127 verbose correctMkdir /Users/palmsi/.npm correctMkdir not in flight; initializing
128 verbose afterAdd /Users/palmsi/.npm/commander/2.11.0/package/package.json written
129 http 200 https://registry.npmjs.org/ejs
130 verbose headers { server: 'nginx/1.10.3',
130 verbose headers   'content-type': 'application/json',
130 verbose headers   'last-modified': 'Mon, 30 Oct 2017 13:56:17 GMT',
130 verbose headers   etag: 'W/"59f72f81-113dd"',
130 verbose headers   'content-encoding': 'gzip',
130 verbose headers   'cache-control': 'max-age=300',
130 verbose headers   'content-length': '11341',
130 verbose headers   'accept-ranges': 'bytes',
130 verbose headers   date: 'Sat, 04 Nov 2017 06:21:13 GMT',
130 verbose headers   via: '1.1 varnish',
130 verbose headers   age: '40',
130 verbose headers   connection: 'keep-alive',
130 verbose headers   'x-served-by': 'cache-sin18026-SIN',
130 verbose headers   'x-cache': 'HIT',
130 verbose headers   'x-cache-hits': '2',
130 verbose headers   'x-timer': 'S1509776473.409444,VS0,VE0',
130 verbose headers   vary: 'Accept-Encoding, Accept' }
131 silly get cb [ 200,
131 silly get   { server: 'nginx/1.10.3',
131 silly get     'content-type': 'application/json',
131 silly get     'last-modified': 'Mon, 30 Oct 2017 13:56:17 GMT',
131 silly get     etag: 'W/"59f72f81-113dd"',
131 silly get     'content-encoding': 'gzip',
131 silly get     'cache-control': 'max-age=300',
131 silly get     'content-length': '11341',
131 silly get     'accept-ranges': 'bytes',
131 silly get     date: 'Sat, 04 Nov 2017 06:21:13 GMT',
131 silly get     via: '1.1 varnish',
131 silly get     age: '40',
131 silly get     connection: 'keep-alive',
131 silly get     'x-served-by': 'cache-sin18026-SIN',
131 silly get     'x-cache': 'HIT',
131 silly get     'x-cache-hits': '2',
131 silly get     'x-timer': 'S1509776473.409444,VS0,VE0',
131 silly get     vary: 'Accept-Encoding, Accept' } ]
132 verbose get saving ejs to /Users/palmsi/.npm/registry.npmjs.org/ejs/.cache.json
133 verbose correctMkdir /Users/palmsi/.npm correctMkdir not in flight; initializing
134 http 200 https://registry.npmjs.org/mkdirp
135 verbose headers { server: 'nginx/1.10.3',
135 verbose headers   'content-type': 'application/json',
135 verbose headers   'last-modified': 'Wed, 01 Nov 2017 07:13:18 GMT',
135 verbose headers   etag: 'W/"59f9740e-6857"',
135 verbose headers   'content-encoding': 'gzip',
135 verbose headers   'cache-control': 'max-age=300',
135 verbose headers   'content-length': '5437',
135 verbose headers   'accept-ranges': 'bytes',
135 verbose headers   date: 'Sat, 04 Nov 2017 06:21:13 GMT',
135 verbose headers   via: '1.1 varnish',
135 verbose headers   age: '45',
135 verbose headers   connection: 'keep-alive',
135 verbose headers   'x-served-by': 'cache-sin18029-SIN',
135 verbose headers   'x-cache': 'HIT',
135 verbose headers   'x-cache-hits': '4',
135 verbose headers   'x-timer': 'S1509776473.418578,VS0,VE0',
135 verbose headers   vary: 'Accept-Encoding, Accept' }
136 silly get cb [ 200,
136 silly get   { server: 'nginx/1.10.3',
136 silly get     'content-type': 'application/json',
136 silly get     'last-modified': 'Wed, 01 Nov 2017 07:13:18 GMT',
136 silly get     etag: 'W/"59f9740e-6857"',
136 silly get     'content-encoding': 'gzip',
136 silly get     'cache-control': 'max-age=300',
136 silly get     'content-length': '5437',
136 silly get     'accept-ranges': 'bytes',
136 silly get     date: 'Sat, 04 Nov 2017 06:21:13 GMT',
136 silly get     via: '1.1 varnish',
136 silly get     age: '45',
136 silly get     connection: 'keep-alive',
136 silly get     'x-served-by': 'cache-sin18029-SIN',
136 silly get     'x-cache': 'HIT',
136 silly get     'x-cache-hits': '4',
136 silly get     'x-timer': 'S1509776473.418578,VS0,VE0',
136 silly get     vary: 'Accept-Encoding, Accept' } ]
137 verbose get saving mkdirp to /Users/palmsi/.npm/registry.npmjs.org/mkdirp/.cache.json
138 verbose correctMkdir /Users/palmsi/.npm correctMkdir not in flight; initializing
139 http 304 https://registry.npmjs.org/sorted-object
140 verbose headers { date: 'Sat, 04 Nov 2017 06:21:13 GMT',
140 verbose headers   via: '1.1 varnish',
140 verbose headers   'cache-control': 'max-age=300',
140 verbose headers   etag: 'W/"57d499b1-1545"',
140 verbose headers   age: '267',
140 verbose headers   connection: 'keep-alive',
140 verbose headers   'x-served-by': 'cache-sin18028-SIN',
140 verbose headers   'x-cache': 'HIT',
140 verbose headers   'x-cache-hits': '1',
140 verbose headers   'x-timer': 'S1509776473.423642,VS0,VE1',
140 verbose headers   vary: 'Accept-Encoding, Accept' }
141 silly get cb [ 304,
141 silly get   { date: 'Sat, 04 Nov 2017 06:21:13 GMT',
141 silly get     via: '1.1 varnish',
141 silly get     'cache-control': 'max-age=300',
141 silly get     etag: 'W/"57d499b1-1545"',
141 silly get     age: '267',
141 silly get     connection: 'keep-alive',
141 silly get     'x-served-by': 'cache-sin18028-SIN',
141 silly get     'x-cache': 'HIT',
141 silly get     'x-cache-hits': '1',
141 silly get     'x-timer': 'S1509776473.423642,VS0,VE1',
141 silly get     vary: 'Accept-Encoding, Accept' } ]
142 verbose etag https://registry.npmjs.org/sorted-object from cache
143 verbose get saving sorted-object to /Users/palmsi/.npm/registry.npmjs.org/sorted-object/.cache.json
144 verbose correctMkdir /Users/palmsi/.npm correctMkdir not in flight; initializing
145 silly resolveWithNewModule ejs@2.5.7 checking installable status
146 silly cache add args [ 'ejs@2.5.7', null ]
147 verbose cache add spec ejs@2.5.7
148 silly cache add parsed spec Result {
148 silly cache add   raw: 'ejs@2.5.7',
148 silly cache add   scope: null,
148 silly cache add   escapedName: 'ejs',
148 silly cache add   name: 'ejs',
148 silly cache add   rawSpec: '2.5.7',
148 silly cache add   spec: '2.5.7',
148 silly cache add   type: 'version' }
149 silly addNamed ejs@2.5.7
150 verbose addNamed "2.5.7" is a plain semver version for ejs
151 silly mapToRegistry name ejs
152 silly mapToRegistry using default registry
153 silly mapToRegistry registry https://registry.npmjs.org/
154 silly mapToRegistry data Result {
154 silly mapToRegistry   raw: 'ejs',
154 silly mapToRegistry   scope: null,
154 silly mapToRegistry   escapedName: 'ejs',
154 silly mapToRegistry   name: 'ejs',
154 silly mapToRegistry   rawSpec: '',
154 silly mapToRegistry   spec: 'latest',
154 silly mapToRegistry   type: 'tag' }
155 silly mapToRegistry uri https://registry.npmjs.org/ejs
156 verbose addNameVersion registry:https://registry.npmjs.org/ejs not in flight; fetching
157 verbose get https://registry.npmjs.org/ejs not expired, no request
158 silly resolveWithNewModule mkdirp@0.5.1 checking installable status
159 silly cache add args [ 'mkdirp@0.5.1', null ]
160 verbose cache add spec mkdirp@0.5.1
161 silly cache add parsed spec Result {
161 silly cache add   raw: 'mkdirp@0.5.1',
161 silly cache add   scope: null,
161 silly cache add   escapedName: 'mkdirp',
161 silly cache add   name: 'mkdirp',
161 silly cache add   rawSpec: '0.5.1',
161 silly cache add   spec: '0.5.1',
161 silly cache add   type: 'version' }
162 silly addNamed mkdirp@0.5.1
163 verbose addNamed "0.5.1" is a plain semver version for mkdirp
164 silly mapToRegistry name mkdirp
165 silly mapToRegistry using default registry
166 silly mapToRegistry registry https://registry.npmjs.org/
167 silly mapToRegistry data Result {
167 silly mapToRegistry   raw: 'mkdirp',
167 silly mapToRegistry   scope: null,
167 silly mapToRegistry   escapedName: 'mkdirp',
167 silly mapToRegistry   name: 'mkdirp',
167 silly mapToRegistry   rawSpec: '',
167 silly mapToRegistry   spec: 'latest',
167 silly mapToRegistry   type: 'tag' }
168 silly mapToRegistry uri https://registry.npmjs.org/mkdirp
169 verbose addNameVersion registry:https://registry.npmjs.org/mkdirp not in flight; fetching
170 silly resolveWithNewModule sorted-object@2.0.1 checking installable status
171 silly cache add args [ 'sorted-object@2.0.1', null ]
172 verbose cache add spec sorted-object@2.0.1
173 silly cache add parsed spec Result {
173 silly cache add   raw: 'sorted-object@2.0.1',
173 silly cache add   scope: null,
173 silly cache add   escapedName: 'sorted-object',
173 silly cache add   name: 'sorted-object',
173 silly cache add   rawSpec: '2.0.1',
173 silly cache add   spec: '2.0.1',
173 silly cache add   type: 'version' }
174 silly addNamed sorted-object@2.0.1
175 verbose addNamed "2.0.1" is a plain semver version for sorted-object
176 silly mapToRegistry name sorted-object
177 silly mapToRegistry using default registry
178 silly mapToRegistry registry https://registry.npmjs.org/
179 silly mapToRegistry data Result {
179 silly mapToRegistry   raw: 'sorted-object',
179 silly mapToRegistry   scope: null,
179 silly mapToRegistry   escapedName: 'sorted-object',
179 silly mapToRegistry   name: 'sorted-object',
179 silly mapToRegistry   rawSpec: '',
179 silly mapToRegistry   spec: 'latest',
179 silly mapToRegistry   type: 'tag' }
180 silly mapToRegistry uri https://registry.npmjs.org/sorted-object
181 verbose addNameVersion registry:https://registry.npmjs.org/sorted-object not in flight; fetching
182 silly cache afterAdd ejs@2.5.7
183 verbose afterAdd /Users/palmsi/.npm/ejs/2.5.7/package/package.json not in flight; writing
184 verbose correctMkdir /Users/palmsi/.npm correctMkdir not in flight; initializing
185 verbose get https://registry.npmjs.org/mkdirp not expired, no request
186 verbose get https://registry.npmjs.org/sorted-object not expired, no request
187 verbose afterAdd /Users/palmsi/.npm/ejs/2.5.7/package/package.json written
188 silly cache afterAdd mkdirp@0.5.1
189 verbose afterAdd /Users/palmsi/.npm/mkdirp/0.5.1/package/package.json not in flight; writing
190 verbose correctMkdir /Users/palmsi/.npm correctMkdir not in flight; initializing
191 silly cache afterAdd sorted-object@2.0.1
192 verbose afterAdd /Users/palmsi/.npm/sorted-object/2.0.1/package/package.json not in flight; writing
193 verbose correctMkdir /Users/palmsi/.npm correctMkdir not in flight; initializing
194 verbose afterAdd /Users/palmsi/.npm/mkdirp/0.5.1/package/package.json written
195 verbose afterAdd /Users/palmsi/.npm/sorted-object/2.0.1/package/package.json written
196 silly fetchNamedPackageData minimist
197 silly mapToRegistry name minimist
198 silly mapToRegistry using default registry
199 silly mapToRegistry registry https://registry.npmjs.org/
200 silly mapToRegistry data Result {
200 silly mapToRegistry   raw: 'minimist',
200 silly mapToRegistry   scope: null,
200 silly mapToRegistry   escapedName: 'minimist',
200 silly mapToRegistry   name: 'minimist',
200 silly mapToRegistry   rawSpec: '',
200 silly mapToRegistry   spec: 'latest',
200 silly mapToRegistry   type: 'tag' }
201 silly mapToRegistry uri https://registry.npmjs.org/minimist
202 verbose request uri https://registry.npmjs.org/minimist
203 verbose request no auth needed
204 info attempt registry request try #1 at 1:21:13 PM
205 verbose etag W/"59e893ee-77e6"
206 verbose lastModified Thu, 19 Oct 2017 12:00:46 GMT
207 http request GET https://registry.npmjs.org/minimist
208 http 304 https://registry.npmjs.org/minimist
209 verbose headers { date: 'Sat, 04 Nov 2017 06:21:13 GMT',
209 verbose headers   via: '1.1 varnish',
209 verbose headers   'cache-control': 'max-age=300',
209 verbose headers   etag: 'W/"59e893ee-77e6"',
209 verbose headers   age: '95',
209 verbose headers   connection: 'keep-alive',
209 verbose headers   'x-served-by': 'cache-sin18033-SIN',
209 verbose headers   'x-cache': 'HIT',
209 verbose headers   'x-cache-hits': '4',
209 verbose headers   'x-timer': 'S1509776474.540269,VS0,VE0',
209 verbose headers   vary: 'Accept-Encoding, Accept' }
210 silly get cb [ 304,
210 silly get   { date: 'Sat, 04 Nov 2017 06:21:13 GMT',
210 silly get     via: '1.1 varnish',
210 silly get     'cache-control': 'max-age=300',
210 silly get     etag: 'W/"59e893ee-77e6"',
210 silly get     age: '95',
210 silly get     connection: 'keep-alive',
210 silly get     'x-served-by': 'cache-sin18033-SIN',
210 silly get     'x-cache': 'HIT',
210 silly get     'x-cache-hits': '4',
210 silly get     'x-timer': 'S1509776474.540269,VS0,VE0',
210 silly get     vary: 'Accept-Encoding, Accept' } ]
211 verbose etag https://registry.npmjs.org/minimist from cache
212 verbose get saving minimist to /Users/palmsi/.npm/registry.npmjs.org/minimist/.cache.json
213 verbose correctMkdir /Users/palmsi/.npm correctMkdir not in flight; initializing
214 silly resolveWithNewModule minimist@0.0.8 checking installable status
215 silly cache add args [ 'minimist@0.0.8', null ]
216 verbose cache add spec minimist@0.0.8
217 silly cache add parsed spec Result {
217 silly cache add   raw: 'minimist@0.0.8',
217 silly cache add   scope: null,
217 silly cache add   escapedName: 'minimist',
217 silly cache add   name: 'minimist',
217 silly cache add   rawSpec: '0.0.8',
217 silly cache add   spec: '0.0.8',
217 silly cache add   type: 'version' }
218 silly addNamed minimist@0.0.8
219 verbose addNamed "0.0.8" is a plain semver version for minimist
220 silly mapToRegistry name minimist
221 silly mapToRegistry using default registry
222 silly mapToRegistry registry https://registry.npmjs.org/
223 silly mapToRegistry data Result {
223 silly mapToRegistry   raw: 'minimist',
223 silly mapToRegistry   scope: null,
223 silly mapToRegistry   escapedName: 'minimist',
223 silly mapToRegistry   name: 'minimist',
223 silly mapToRegistry   rawSpec: '',
223 silly mapToRegistry   spec: 'latest',
223 silly mapToRegistry   type: 'tag' }
224 silly mapToRegistry uri https://registry.npmjs.org/minimist
225 verbose addNameVersion registry:https://registry.npmjs.org/minimist not in flight; fetching
226 verbose get https://registry.npmjs.org/minimist not expired, no request
227 silly cache afterAdd minimist@0.0.8
228 verbose afterAdd /Users/palmsi/.npm/minimist/0.0.8/package/package.json not in flight; writing
229 verbose correctMkdir /Users/palmsi/.npm correctMkdir not in flight; initializing
230 verbose afterAdd /Users/palmsi/.npm/minimist/0.0.8/package/package.json written
231 silly loadAllDepsIntoIdealTree Finishing
232 silly loadIdealTree Finishing
233 silly currentTree lib
233 silly currentTree └─┬ express-generator@4.15.0
233 silly currentTree   ├─┬ commander@2.9.0
233 silly currentTree   │ └── graceful-readlink@1.0.1
233 silly currentTree   ├── ejs@2.5.6
233 silly currentTree   ├─┬ mkdirp@0.5.1
233 silly currentTree   │ └── minimist@0.0.8
233 silly currentTree   └── sorted-object@2.0.1
234 silly idealTree lib
234 silly idealTree └─┬ express-generator@4.15.5
234 silly idealTree   ├── commander@2.11.0
234 silly idealTree   ├── ejs@2.5.7
234 silly idealTree   ├── minimist@0.0.8
234 silly idealTree   ├── mkdirp@0.5.1
234 silly idealTree   └── sorted-object@2.0.1
235 silly generateActionsToTake Starting
236 silly install generateActionsToTake
237 warn checkPermissions Missing write access to /usr/local/lib/node_modules/express-generator/node_modules/commander/node_modules/graceful-readlink
238 warn checkPermissions Missing write access to /usr/local/lib/node_modules/express-generator/node_modules/commander
239 warn checkPermissions Missing write access to /usr/local/lib/node_modules/express-generator/node_modules/ejs
240 warn checkPermissions Missing write access to /usr/local/lib/node_modules/express-generator
241 warn checkPermissions Missing write access to /usr/local/lib/node_modules/express-generator/node_modules/commander/node_modules
242 warn checkPermissions Missing write access to /usr/local/lib/node_modules/express-generator/node_modules
243 warn checkPermissions Missing write access to /usr/local/lib/node_modules
244 warn checkPermissions Missing write access to /usr/local/lib/node_modules/express-generator/node_modules/mkdirp/node_modules
245 silly rollbackFailedOptional Starting
246 silly rollbackFailedOptional Finishing
247 silly runTopLevelLifecycles Finishing
248 silly install printInstalled
249 verbose stack Error: EACCES: permission denied, access '/usr/local/lib/node_modules/express-generator/node_modules/commander/node_modules/graceful-readlink'
249 verbose stack     at Error (native)
250 verbose cwd /Users/palmsi/Desktop/smart
251 error Darwin 16.7.0
252 error argv "/usr/local/bin/node" "/usr/local/bin/npm" "install" "express-generator" "-g"
253 error node v6.11.3
254 error npm  v3.10.10
255 error path /usr/local/lib/node_modules/express-generator/node_modules/commander/node_modules/graceful-readlink
256 error code EACCES
257 error errno -13
258 error syscall access
259 error Error: EACCES: permission denied, access '/usr/local/lib/node_modules/express-generator/node_modules/commander/node_modules/graceful-readlink'
259 error     at Error (native)
259 error  { Error: EACCES: permission denied, access '/usr/local/lib/node_modules/express-generator/node_modules/commander/node_modules/graceful-readlink'
259 error     at Error (native)
259 error   errno: -13,
259 error   code: 'EACCES',
259 error   syscall: 'access',
259 error   path: '/usr/local/lib/node_modules/express-generator/node_modules/commander/node_modules/graceful-readlink' }
260 error Please try running this command again as root/Administrator.
261 verbose exit [ -13, true ]
